Writing PID to tmp/pids/thin.pid
Using rack adapter
Thin web server (v1.6.3 codename Protein Powder)
Maximum connections set to 1024
Listening on 0.0.0.0:80, CTRL+C to stop
Exiting!
/opt/bitnami/ruby/lib/ruby/gems/2.1.0/gems/eventmachine-1.0.3/lib/eventmachine.rb:526:in `start_tcp_server': no acceptor (port is in use or requires root privileges) (RuntimeError)
	from /opt/bitnami/ruby/lib/ruby/gems/2.1.0/gems/eventmachine-1.0.3/lib/eventmachine.rb:526:in `start_server'
	from /opt/bitnami/ruby/lib/ruby/gems/2.1.0/gems/thin-1.6.3/lib/thin/backends/tcp_server.rb:16:in `connect'
	from /opt/bitnami/ruby/lib/ruby/gems/2.1.0/gems/thin-1.6.3/lib/thin/backends/base.rb:63:in `block in start'
	from /opt/bitnami/ruby/lib/ruby/gems/2.1.0/gems/eventmachine-1.0.3/lib/eventmachine.rb:187:in `call'
	from /opt/bitnami/ruby/lib/ruby/gems/2.1.0/gems/eventmachine-1.0.3/lib/eventmachine.rb:187:in `run_machine'
	from /opt/bitnami/ruby/lib/ruby/gems/2.1.0/gems/eventmachine-1.0.3/lib/eventmachine.rb:187:in `run'
	from /opt/bitnami/ruby/lib/ruby/gems/2.1.0/gems/thin-1.6.3/lib/thin/backends/base.rb:73:in `start'
	from /opt/bitnami/ruby/lib/ruby/gems/2.1.0/gems/thin-1.6.3/lib/thin/server.rb:162:in `start'
	from /opt/bitnami/ruby/lib/ruby/gems/2.1.0/gems/thin-1.6.3/lib/thin/controllers/controller.rb:87:in `start'
	from /opt/bitnami/ruby/lib/ruby/gems/2.1.0/gems/thin-1.6.3/lib/thin/runner.rb:200:in `run_command'
	from /opt/bitnami/ruby/lib/ruby/gems/2.1.0/gems/thin-1.6.3/lib/thin/runner.rb:156:in `run!'
	from /opt/bitnami/ruby/lib/ruby/gems/2.1.0/gems/thin-1.6.3/bin/thin:6:in `<top (required)>'
	from /opt/bitnami/ruby/bin/thin:23:in `load'
	from /opt/bitnami/ruby/bin/thin:23:in `<main>'
Writing PID to tmp/pids/thin.pid
Using rack adapter
Thin web server (v1.6.3 codename Protein Powder)
Maximum connections set to 1024
Listening on 0.0.0.0:3000, CTRL+C to stop
[deprecated] I18n.enforce_available_locales will default to true in the future. If you really want to skip validation of your locale you can set I18n.enforce_available_locales = false to avoid this message.
Exiting!
Writing PID to tmp/pids/thin.pid
Using rack adapter
Thin web server (v1.6.3 codename Protein Powder)
Maximum connections set to 1024
Listening on 0.0.0.0:3000, CTRL+C to stop
[deprecated] I18n.enforce_available_locales will default to true in the future. If you really want to skip validation of your locale you can set I18n.enforce_available_locales = false to avoid this message.
Exiting!
Writing PID to tmp/pids/thin.pid
Using rack adapter
Thin web server (v1.6.3 codename Protein Powder)
Maximum connections set to 1024
Listening on 0.0.0.0:3000, CTRL+C to stop
[deprecated] I18n.enforce_available_locales will default to true in the future. If you really want to skip validation of your locale you can set I18n.enforce_available_locales = false to avoid this message.
