Writing PID to tmp/pids/thin.3001.pid
Using rack adapter
Exiting!
/opt/bitnami/ruby/lib/ruby/gems/2.1.0/gems/bundler-1.7.0/lib/bundler/runtime.rb:34:in `block in setup': You have already activated rack 1.5.2, but your Gemfile requires rack 1.4.5. Prepending `bundle exec` to your command may solve this. (Gem::LoadError)
	from /opt/bitnami/ruby/lib/ruby/gems/2.1.0/gems/bundler-1.7.0/lib/bundler/runtime.rb:19:in `setup'
	from /opt/bitnami/ruby/lib/ruby/gems/2.1.0/gems/bundler-1.7.0/lib/bundler.rb:121:in `setup'
	from /opt/bitnami/ruby/lib/ruby/gems/2.1.0/gems/bundler-1.7.0/lib/bundler/setup.rb:17:in `<top (required)>'
	from /opt/bitnami/ruby/lib/ruby/site_ruby/2.1.0/rubygems/core_ext/kernel_require.rb:135:in `require'
	from /opt/bitnami/ruby/lib/ruby/site_ruby/2.1.0/rubygems/core_ext/kernel_require.rb:135:in `rescue in require'
	from /opt/bitnami/ruby/lib/ruby/site_ruby/2.1.0/rubygems/core_ext/kernel_require.rb:144:in `require'
	from /home/azureuser/fire_dampers/config/boot.rb:6:in `<top (required)>'
	from /opt/bitnami/ruby/lib/ruby/site_ruby/2.1.0/rubygems/core_ext/kernel_require.rb:55:in `require'
	from /opt/bitnami/ruby/lib/ruby/site_ruby/2.1.0/rubygems/core_ext/kernel_require.rb:55:in `require'
	from /home/azureuser/fire_dampers/config/application.rb:1:in `<top (required)>'
	from /opt/bitnami/ruby/lib/ruby/site_ruby/2.1.0/rubygems/core_ext/kernel_require.rb:55:in `require'
	from /opt/bitnami/ruby/lib/ruby/site_ruby/2.1.0/rubygems/core_ext/kernel_require.rb:55:in `require'
	from /home/azureuser/fire_dampers/config/environment.rb:2:in `<top (required)>'
	from /opt/bitnami/ruby/lib/ruby/site_ruby/2.1.0/rubygems/core_ext/kernel_require.rb:55:in `require'
	from /opt/bitnami/ruby/lib/ruby/site_ruby/2.1.0/rubygems/core_ext/kernel_require.rb:55:in `require'
	from /home/azureuser/fire_dampers/config.ru:3:in `block in <main>'
	from /opt/bitnami/ruby/lib/ruby/gems/2.1.0/gems/rack-1.5.2/lib/rack/builder.rb:55:in `instance_eval'
	from /opt/bitnami/ruby/lib/ruby/gems/2.1.0/gems/rack-1.5.2/lib/rack/builder.rb:55:in `initialize'
	from /home/azureuser/fire_dampers/config.ru:1:in `new'
	from /home/azureuser/fire_dampers/config.ru:1:in `<main>'
	from /opt/bitnami/ruby/lib/ruby/gems/2.1.0/gems/thin-1.6.3/lib/rack/adapter/loader.rb:33:in `eval'
	from /opt/bitnami/ruby/lib/ruby/gems/2.1.0/gems/thin-1.6.3/lib/rack/adapter/loader.rb:33:in `load'
	from /opt/bitnami/ruby/lib/ruby/gems/2.1.0/gems/thin-1.6.3/lib/rack/adapter/loader.rb:42:in `for'
	from /opt/bitnami/ruby/lib/ruby/gems/2.1.0/gems/thin-1.6.3/lib/thin/controllers/controller.rb:170:in `load_adapter'
	from /opt/bitnami/ruby/lib/ruby/gems/2.1.0/gems/thin-1.6.3/lib/thin/controllers/controller.rb:74:in `start'
	from /opt/bitnami/ruby/lib/ruby/gems/2.1.0/gems/thin-1.6.3/lib/thin/runner.rb:200:in `run_command'
	from /opt/bitnami/ruby/lib/ruby/gems/2.1.0/gems/thin-1.6.3/lib/thin/runner.rb:156:in `run!'
	from /opt/bitnami/ruby/lib/ruby/gems/2.1.0/gems/thin-1.6.3/bin/thin:6:in `<top (required)>'
	from /opt/bitnami/ruby/bin/thin:23:in `load'
	from /opt/bitnami/ruby/bin/thin:23:in `<main>'
Writing PID to tmp/pids/thin.3001.pid
Using rack adapter
Exiting!
/opt/bitnami/ruby/lib/ruby/gems/2.1.0/gems/bundler-1.7.0/lib/bundler/runtime.rb:34:in `block in setup': You have already activated rack 1.5.2, but your Gemfile requires rack 1.4.5. Prepending `bundle exec` to your command may solve this. (Gem::LoadError)
	from /opt/bitnami/ruby/lib/ruby/gems/2.1.0/gems/bundler-1.7.0/lib/bundler/runtime.rb:19:in `setup'
	from /opt/bitnami/ruby/lib/ruby/gems/2.1.0/gems/bundler-1.7.0/lib/bundler.rb:121:in `setup'
	from /opt/bitnami/ruby/lib/ruby/gems/2.1.0/gems/bundler-1.7.0/lib/bundler/setup.rb:17:in `<top (required)>'
	from /opt/bitnami/ruby/lib/ruby/site_ruby/2.1.0/rubygems/core_ext/kernel_require.rb:135:in `require'
	from /opt/bitnami/ruby/lib/ruby/site_ruby/2.1.0/rubygems/core_ext/kernel_require.rb:135:in `rescue in require'
	from /opt/bitnami/ruby/lib/ruby/site_ruby/2.1.0/rubygems/core_ext/kernel_require.rb:144:in `require'
	from /home/azureuser/fire_dampers/config/boot.rb:6:in `<top (required)>'
	from /opt/bitnami/ruby/lib/ruby/site_ruby/2.1.0/rubygems/core_ext/kernel_require.rb:55:in `require'
	from /opt/bitnami/ruby/lib/ruby/site_ruby/2.1.0/rubygems/core_ext/kernel_require.rb:55:in `require'
	from /home/azureuser/fire_dampers/config/application.rb:1:in `<top (required)>'
	from /opt/bitnami/ruby/lib/ruby/site_ruby/2.1.0/rubygems/core_ext/kernel_require.rb:55:in `require'
	from /opt/bitnami/ruby/lib/ruby/site_ruby/2.1.0/rubygems/core_ext/kernel_require.rb:55:in `require'
	from /home/azureuser/fire_dampers/config/environment.rb:2:in `<top (required)>'
	from /opt/bitnami/ruby/lib/ruby/site_ruby/2.1.0/rubygems/core_ext/kernel_require.rb:55:in `require'
	from /opt/bitnami/ruby/lib/ruby/site_ruby/2.1.0/rubygems/core_ext/kernel_require.rb:55:in `require'
	from /home/azureuser/fire_dampers/config.ru:3:in `block in <main>'
	from /opt/bitnami/ruby/lib/ruby/gems/2.1.0/gems/rack-1.5.2/lib/rack/builder.rb:55:in `instance_eval'
	from /opt/bitnami/ruby/lib/ruby/gems/2.1.0/gems/rack-1.5.2/lib/rack/builder.rb:55:in `initialize'
	from /home/azureuser/fire_dampers/config.ru:1:in `new'
	from /home/azureuser/fire_dampers/config.ru:1:in `<main>'
	from /opt/bitnami/ruby/lib/ruby/gems/2.1.0/gems/thin-1.6.3/lib/rack/adapter/loader.rb:33:in `eval'
	from /opt/bitnami/ruby/lib/ruby/gems/2.1.0/gems/thin-1.6.3/lib/rack/adapter/loader.rb:33:in `load'
	from /opt/bitnami/ruby/lib/ruby/gems/2.1.0/gems/thin-1.6.3/lib/rack/adapter/loader.rb:42:in `for'
	from /opt/bitnami/ruby/lib/ruby/gems/2.1.0/gems/thin-1.6.3/lib/thin/controllers/controller.rb:170:in `load_adapter'
	from /opt/bitnami/ruby/lib/ruby/gems/2.1.0/gems/thin-1.6.3/lib/thin/controllers/controller.rb:74:in `start'
	from /opt/bitnami/ruby/lib/ruby/gems/2.1.0/gems/thin-1.6.3/lib/thin/runner.rb:200:in `run_command'
	from /opt/bitnami/ruby/lib/ruby/gems/2.1.0/gems/thin-1.6.3/lib/thin/runner.rb:156:in `run!'
	from /opt/bitnami/ruby/lib/ruby/gems/2.1.0/gems/thin-1.6.3/bin/thin:6:in `<top (required)>'
	from /opt/bitnami/ruby/bin/thin:23:in `load'
	from /opt/bitnami/ruby/bin/thin:23:in `<main>'
